2025-08-27 05:59:49,857 - {'message': 'Stock NIFTY subscribed successfully'}
2025-08-27 05:59:50,131 - {'message': 'Stock NIFTY subscribed successfully'}
2025-08-27 06:02:20,378 - {'message': 'Stock NIFTY subscribed successfully'}
2025-08-27 06:04:53,254 - Error while unsubscribing to feeds : / is not a connected namespace.
2025-08-27 06:04:53,279 - Error while unsubscribing to feeds : / is not a connected namespace.
2025-08-27 06:04:53,284 - Error while unsubscribing to feeds : / is not a connected namespace.
2025-08-27 06:05:13,748 - Error while unsubscribing to feeds : / is not a connected namespace.
2025-08-27 06:05:50,635 - Error while unsubscribing to feeds : / is not a connected namespace.
2025-08-27 06:05:55,694 - Error while unsubscribing to feeds : / is not a connected namespace.
2025-08-27 06:08:05,815 - {'message': 'Stock NIFTY subscribed successfully'}
2025-08-27 06:09:12,386 - Error while unsubscribing to feeds : / is not a connected namespace.
2025-08-27 06:09:19,392 - {'message': 'Stock NIFTY subscribed successfully'}
2025-08-27 06:09:26,157 - Error while unsubscribing to feeds : / is not a connected namespace.
2025-08-27 06:09:52,107 - {'message': 'Stock NIFTY subscribed successfully'}
2025-08-27 06:09:55,665 - Error while unsubscribing to feeds : / is not a connected namespace.
2025-08-27 06:11:26,108 - {'message': 'Stock NIFTY subscribed successfully'}
2025-08-27 06:11:52,367 - {'message': 'Stock NIFTY subscribed successfully'}
2025-08-27 06:12:17,859 - Error while unsubscribing to feeds : / is not a connected namespace.
2025-08-27 06:12:40,164 - {'message': 'Stock NIFTY subscribed successfully'}
2025-08-27 06:12:42,252 - Error while unsubscribing to feeds : / is not a connected namespace.
2025-08-28 22:40:29,927 - {'message': 'Stock NIFTY subscribed successfully'}
2025-08-28 22:45:46,725 - Error while unsubscribing to feeds : / is not a connected namespace.
2025-08-28 22:45:47,932 - {'message': 'Stock NIFTY subscribed successfully'}
2025-08-28 22:47:20,786 - Error while unsubscribing to feeds : / is not a connected namespace.
2025-08-28 22:47:26,265 - {'message': 'Stock NIFTY subscribed successfully'}
2025-08-28 22:48:02,642 - Error while unsubscribing to feeds : / is not a connected namespace.
2025-08-28 22:48:08,448 - {'message': 'Stock NIFTY subscribed successfully'}
2025-08-28 22:48:31,052 - {'message': 'Stock NIFTY subscribed successfully'}
2025-08-28 23:14:32,097 - Error while unsubscribing to feeds : / is not a connected namespace.
2025-08-28 23:14:37,201 - {'message': 'Stock NIFTY subscribed successfully'}
2025-08-28 23:14:37,510 - {'message': 'Stock NIFTY subscribed successfully'}
2025-08-28 23:14:37,513 - [{'message': 'socket server for rate refresh  has been disconnected.'}, {'message': 'socket server is not connected to OHLCV Stream.'}, {'message': 'socket server is not connected to order refresh.'}]
2025-08-28 23:14:37,832 - {'message': 'Stock NIFTY subscribed successfully'}
2025-08-28 23:14:52,006 - {'message': 'Stock NIFTY subscribed successfully'}
2025-08-28 23:19:47,723 - Error while unsubscribing to feeds : / is not a connected namespace.
2025-08-28 23:19:58,042 - {'message': 'Stock NIFTY subscribed successfully'}
2025-08-28 23:20:12,719 - Error while unsubscribing to feeds : / is not a connected namespace.
2025-08-28 23:20:20,025 - {'message': 'Stock NIFTY subscribed successfully'}
2025-08-28 23:28:27,724 - Error while unsubscribing to feeds : / is not a connected namespace.
2025-08-28 23:28:51,037 - {'message': 'Stock NIFTY subscribed successfully'}
2025-08-28 23:29:36,937 - Error while unsubscribing to feeds : / is not a connected namespace.
2025-08-28 23:29:39,563 - {'message': 'Stock NIFTY subscribed successfully'}
2025-08-28 23:29:42,286 - {'message': 'Stock NIFTY subscribed successfully'}
2025-08-28 23:29:56,476 - Error while unsubscribing to feeds : / is not a connected namespace.
2025-08-28 23:30:01,886 - {'message': 'Stock NIFTY subscribed successfully'}
2025-08-28 23:30:03,035 - {'message': 'Stock NIFTY subscribed successfully'}
2025-08-28 23:31:57,726 - Error while unsubscribing to feeds : / is not a connected namespace.
2025-08-28 23:32:00,285 - {'message': 'Stock NIFTY subscribed successfully'}
2025-08-28 23:32:09,716 - Error while unsubscribing to feeds : / is not a connected namespace.
2025-08-28 23:32:11,905 - {'message': 'Stock NIFTY subscribed successfully'}
2025-08-28 23:32:52,911 - Error while unsubscribing to feeds : / is not a connected namespace.
2025-08-28 23:32:54,788 - {'message': 'Stock NIFTY subscribed successfully'}
2025-08-28 23:35:29,718 - Error while unsubscribing to feeds : / is not a connected namespace.
2025-08-28 23:35:30,084 - {'message': 'Stock NIFTY subscribed successfully'}
2025-08-28 23:35:43,723 - Error while unsubscribing to feeds : / is not a connected namespace.
2025-08-28 23:35:57,489 - {'message': 'Stock NIFTY subscribed successfully'}
2025-08-28 23:37:27,731 - Error while unsubscribing to feeds : / is not a connected namespace.
2025-08-28 23:37:34,976 - {'message': 'Stock NIFTY subscribed successfully'}
2025-08-28 23:37:41,507 - Error while unsubscribing to feeds : / is not a connected namespace.
2025-08-28 23:39:20,580 - Exception while subscribing to feeds list index out of range
2025-08-28 23:40:11,723 - Error while unsubscribing to feeds : list index out of range
2025-08-28 23:40:19,054 - Exception while subscribing to feeds list index out of range
2025-08-28 23:40:40,717 - Error while unsubscribing to feeds : list index out of range
2025-08-28 23:40:42,763 - Exception while subscribing to feeds list index out of range
2025-08-28 23:40:48,738 - Error while unsubscribing to feeds : list index out of range
2025-08-28 23:40:54,045 - Error while unsubscribing to feeds : 'BreezeConnect' object has no attribute 'interval'
2025-08-28 23:40:54,383 - Exception while subscribing to feeds list index out of range
2025-08-28 23:42:18,376 - Error while unsubscribing to feeds : list index out of range
2025-09-01 11:00:06,010 - {'message': 'Stock NIFTY subscribed successfully'}
2025-09-01 11:00:06,014 - [{'message': 'socket server for rate refresh  has been disconnected.'}, {'message': 'socket server is not connected to OHLCV Stream.'}, {'message': 'socket server is not connected to order refresh.'}]
2025-09-01 11:00:09,017 - {'message': 'Stock NIFTY subscribed successfully'}
2025-09-01 11:05:14,161 - Error while unsubscribing to feeds : / is not a connected namespace.
2025-09-01 11:05:28,682 - {'message': 'Stock NIFTY subscribed successfully'}
2025-09-01 11:15:27,427 - Error while unsubscribing to feeds : / is not a connected namespace.
2025-09-01 11:15:45,162 - {'message': 'Stock NIFTY subscribed successfully'}
2025-09-01 11:15:53,010 - Error while unsubscribing to feeds : / is not a connected namespace.
2025-09-01 11:16:05,456 - {'message': 'Stock NIFTY subscribed successfully'}
2025-09-01 11:16:07,448 - [{'message': 'socket server for rate refresh  has been disconnected.'}, {'message': 'socket server is not connected to OHLCV Stream.'}, {'message': 'socket server is not connected to order refresh.'}]
2025-09-01 11:16:09,709 - {'message': 'Stock NIFTY subscribed successfully'}
2025-09-01 11:20:44,317 - Error while unsubscribing to feeds : / is not a connected namespace.
2025-09-01 11:21:04,878 - {'message': 'Stock NIFTY subscribed successfully'}
2025-09-01 11:31:19,998 - Error while unsubscribing to feeds : / is not a connected namespace.
2025-09-01 11:31:33,893 - {'message': 'Stock NIFTY subscribed successfully'}
2025-09-01 11:40:12,578 - Error while unsubscribing to feeds : / is not a connected namespace.
2025-09-01 11:40:30,341 - {'message': 'Stock NIFTY subscribed successfully'}
2025-09-01 11:40:30,343 - [{'message': 'socket server for rate refresh  has been disconnected.'}, {'message': 'socket server is not connected to OHLCV Stream.'}, {'message': 'socket server is not connected to order refresh.'}]
2025-09-01 11:40:36,400 - {'message': 'Stock NIFTY subscribed successfully'}
2025-09-01 11:51:28,884 - Error while unsubscribing to feeds : / is not a connected namespace.
2025-09-01 11:52:06,063 - {'message': 'Stock NIFTY subscribed successfully'}
2025-09-01 11:52:37,352 - Error while unsubscribing to feeds : / is not a connected namespace.
2025-09-01 11:52:50,447 - {'message': 'Stock NIFTY subscribed successfully'}
2025-09-01 11:53:02,164 - Error while unsubscribing to feeds : / is not a connected namespace.
2025-09-01 11:53:16,350 - {'message': 'Stock NIFTY subscribed successfully'}
2025-09-01 11:59:10,969 - Error while unsubscribing to feeds : / is not a connected namespace.
2025-09-01 11:59:19,023 - {'message': 'Stock NIFTY subscribed successfully'}
2025-09-01 12:02:12,517 - Error while unsubscribing to feeds : / is not a connected namespace.
2025-09-01 12:02:28,923 - {'message': 'Stock NIFTY subscribed successfully'}
2025-09-01 12:03:25,320 - Error while unsubscribing to feeds : / is not a connected namespace.
2025-09-01 12:03:39,006 - {'message': 'Stock NIFTY subscribed successfully'}
2025-09-01 12:12:09,218 - Error while unsubscribing to feeds : / is not a connected namespace.
2025-09-01 12:12:27,921 - {'message': 'Stock NIFTY subscribed successfully'}
2025-09-01 12:13:58,439 - Error while unsubscribing to feeds : / is not a connected namespace.
2025-09-01 12:14:10,950 - {'message': 'Stock NIFTY subscribed successfully'}
2025-09-01 12:14:39,443 - Error while unsubscribing to feeds : / is not a connected namespace.
2025-09-01 12:14:48,032 - {'message': 'Stock NIFTY subscribed successfully'}
2025-09-01 12:15:11,022 - Error while unsubscribing to feeds : / is not a connected namespace.
2025-09-01 12:15:26,189 - {'message': 'Stock NIFTY subscribed successfully'}
2025-09-01 12:16:02,514 - Error while unsubscribing to feeds : / is not a connected namespace.
2025-09-01 12:16:10,400 - {'message': 'Stock NIFTY subscribed successfully'}
2025-09-01 12:16:13,907 - Error while unsubscribing to feeds : / is not a connected namespace.
2025-09-01 12:16:30,918 - {'message': 'Stock NIFTY subscribed successfully'}
2025-09-01 12:16:57,469 - Error while unsubscribing to feeds : / is not a connected namespace.
2025-09-01 12:17:04,979 - {'message': 'Stock NIFTY subscribed successfully'}
2025-09-01 12:28:02,244 - Error while unsubscribing to feeds : / is not a connected namespace.
2025-09-01 12:28:17,200 - {'message': 'Stock NIFTY subscribed successfully'}
2025-09-01 12:32:41,480 - Error while unsubscribing to feeds : / is not a connected namespace.
2025-09-01 12:32:55,966 - {'message': 'Stock NIFTY subscribed successfully'}
2025-09-01 12:36:05,801 - Error while unsubscribing to feeds : / is not a connected namespace.
2025-09-01 12:36:22,666 - {'message': 'Stock NIFTY subscribed successfully'}
2025-09-01 12:40:11,797 - Error while unsubscribing to feeds : / is not a connected namespace.
2025-09-01 12:40:28,298 - {'message': 'Stock NIFTY subscribed successfully'}
2025-09-01 12:41:54,460 - Error while unsubscribing to feeds : / is not a connected namespace.
2025-09-01 12:42:06,817 - {'message': 'Stock NIFTY subscribed successfully'}
